Max number of authors writing a single paper: 10
Total unique number of authors: 79
Total number of papers: 28

Density: 0.04933463161311263

Diameter of graph: 3

{0, 10, 43, 36, 13}
Density: 1.0

{64, 1, 66, 3, 9, 73, 75, 11, 12, 48, 49, 18, 52, 21, 23, 56, 25, 58, 61, 30}
Density: 0.33157894736842103

{2, 27, 60, 31}
Density: 1.0

{50, 4, 77}
Density: 1.0

{5, 37, 41, 16, 19, 57}
Density: 0.6

{32, 33, 34, 67, 6, 14, 22, 29}
Density: 1.0

{26, 51, 35, 7}
Density: 0.8333333333333334

{8, 59, 20, 63}
Density: 1.0

{72, 17, 74, 53, 15}
Density: 1.0

{24, 71}
Density: 1.0

{28, 54, 46}
Density: 1.0

{38, 62}
Density: 1.0

{45, 39}
Density: 1.0

{40, 68}
Density: 1.0

{42}
Density: 1

{44, 47}
Density: 1.0

{76, 69, 55}
Density: 1.0

{65, 70}
Density: 1.0

{78}
Density: 1

Connected component: [0, 10, 13, 36, 43]
Cut points: {0}
Cut vertex: 0
[{10, 43, 36, 13}]
All filtered out.

Connected component: [1, 3, 9, 11, 12, 18, 21, 23, 25, 30, 48, 49, 52, 56, 58, 61, 64, 66, 73, 75]
Cut points: {1, 66, 11}
Cut vertex: 1
[{64, 66, 3, 73, 9, 11, 12, 75, 48, 49, 18, 52, 21, 23, 56, 25, 58, 61, 30}]
Cut vertex: 66
[{64, 1, 3, 73, 75, 11, 12, 48, 49, 18, 52, 21, 23, 56, 25, 58, 61, 30}, {9}]
Cut vertex: 11
[{64, 1, 73, 75, 48, 49, 58, 61, 30}, {66, 3, 9, 12, 18, 25}, {52, 21}, {56, 23}]
Filtered cut points: {66, 11}

Connected component: [5, 16, 19, 37, 41, 57]
Cut points: {41, 5}
Cut vertex: 41
[{16, 5, 37}, {57, 19}]
Cut vertex: 5
[{16, 41, 57, 19, 37}]
Filtered cut points: {41}

Connected component: [6, 14, 22, 29, 32, 33, 34, 67]
Cut points: {6}
Cut vertex: 6
[{32, 33, 34, 67, 14, 22, 29}]
All filtered out.

Connected component: [15, 17, 53, 72, 74]
Cut points: {15}
Cut vertex: 15
[{72, 17, 74, 53}]
All filtered out.

Cut points for all ccs: ['JS Sandhu', 'R Walton', 'B Kolko']
Average clustering is:  0.7774799371225283
Average betweenness is: 0.0006196335310259361
Average closeness is:  0.06614730697800318
['M Bhattacharya', 'KL Kumar']
1.0
['J Matovu', 'R Hinman']
1.0
['A Tibuzzi', 'X Hua', 'M Kam']
1.0
['S Bucolo', 'JH Matthews']
1.0
['H Zhang', 'F Chen', 'A Lindgren', 'PW Jordan']
1.0
['D Thakur', 'E Johnson', 'R Nathan', 'M Hicks', 'B Kolko', 'R Walton', 'ML Best', 'P Prasad', 'W Brunette', 'B DeRenzi', 'M Ishimitsu', 'E Rose', 'A Seidakmatova', 'W Gerard', 'G Borriello', 'O Salikhbaeva', 'R Anderson', 'C Putnam', 'C Driesbach', 'A Hope']
1.736842105263158
['C Isenhour', 'J Goldsmith', 'B Goldstein', 'A Dekhtyar', 'KK Mathias']
1.0
['HG van der Roest', 'E Derksen', 'C Jonker', 'HC Comijs', 'RM Droes', 'APD Jansen', 'FJM Meiland', 'HPJ van Hout']
1.0
['E Seman', 'I Hussein', 'M Mahmud', 'AW Yeo']
1.1666666666666667
['F Kamoun', 'M Al Blushi', 'N Werghi']
1.0
['R Rege', 'S Nagarkar']
1.0
['WARWM Isa', 'S Mehad', 'NLM Noor']
1.0
['D Prommin', 'B Ariyatum', 'P Sirisalee', 'R Holland']
1.0
['J Wesson', 'L Barnard']
1.0
['C Lohachit', 'S Sriboorapa', 'W Fungladda', 'C Pulkate', 'N Poosanthanasarn']
1.0
['J Hey', 'P Altankhuyag', 'AM Agogino', 'C Newman', 'D Amarsaikhan', 'JS Sandhu']
1.4
['E Krahmer', 'S Shahid']
1.0
['K Pecknold']
Skipped

['Z Ying']
Skipped
