Max number of authors writing a single paper: 8
Total unique number of authors: 38
Total number of papers: 14

Density: 0.19630156472261737
Connected component: [0, 5, 8, 23, 25]
Cut points: {0}
Cut vertex: 0
[{8, 25, 5, 23}]
All filtered out.

Connected component: [1, 4, 6, 7, 10, 12, 14, 16, 27, 29, 33]
Cut points: {1, 33, 6}
Cut vertex: 1
[{33, 4, 6, 7, 10, 12, 14, 16, 27, 29}]
Cut vertex: 33
[{1, 6, 7, 10, 12, 14, 16, 27, 29}, {4}]
Cut vertex: 6
[{1, 33, 4, 7, 10, 16}, {27, 12}, {29, 14}]
Filtered cut points: {33, 6}

Connected component: [2, 9, 13, 18, 19, 20, 21, 34]
Cut points: {2}
Cut vertex: 2
[{34, 9, 13, 18, 19, 20, 21}]
All filtered out.

Cut points for all ccs: ['R Walton', 'B Kolko']
Average clustering is:  0.8321637426900585
Average betweenness is: 0.0016200410937253042
Average closeness is:  0.11889305523782079

