Max number of authors writing a single paper: 5
Total unique number of authors: 14
Total number of papers: 4

Density: 0.21978021978021978

Diameter of graph: 1

{0, 9, 13}
Density: 1.0

{1, 3, 5, 7}
Density: 1.0

{2, 11, 12, 4, 10}
Density: 1.0

{8, 6}
Density: 1.0

Connected component: [2, 4, 10, 11, 12]
Cut points: {2}
Cut vertex: 2
[{10, 11, 4, 12}]
All filtered out.

No cut points.
Average clustering is:  0.8571428571428571
Average betweenness is: 0.0
Average closeness is:  0.2197802197802198
['AM Agogino', 'JS Sandhu', 'C Newman', 'J Hey']
1.0
['M Kam', 'A Tibuzzi', 'X Hua']
1.0
['N Poosanthanasarn', 'W Fungladda', 'C Lohachit', 'S Sriboorapa', 'C Pulkate']
1.0
['J Wesson', 'L Barnard']
1.0
